Jun 11, 2021 9:36:43 AM rmi.server.AppLogger logInfo
INFO: Start initializing the local graph.
Jun 11, 2021 9:36:43 AM rmi.server.AppLogger logInfo
INFO: Add new edge to the graph: 1 2
Jun 11, 2021 9:36:43 AM rmi.server.AppLogger logInfo
INFO: Add new edge to the graph: 1 3
Jun 11, 2021 9:36:43 AM rmi.server.AppLogger logInfo
INFO: Add new edge to the graph: 1 5
Jun 11, 2021 9:36:43 AM rmi.server.AppLogger logInfo
INFO: Add new edge to the graph: 3 4
Jun 11, 2021 9:36:43 AM rmi.server.AppLogger logInfo
INFO: Add new edge to the graph: 3 5
Jun 11, 2021 9:36:43 AM rmi.server.AppLogger logInfo
INFO: Add new edge to the graph: 4 2
Jun 11, 2021 9:36:43 AM rmi.server.AppLogger logInfo
INFO: Add new edge to the graph: 5 4
Jun 11, 2021 9:36:43 AM rmi.server.AppLogger logInfo
INFO: Add new edge to the graph: 2 6
Jun 11, 2021 9:36:43 AM rmi.server.AppLogger logInfo
INFO: Initial graph is initialized successfully.
Jun 11, 2021 9:36:44 AM rmi.server.AppLogger logInfo
INFO: Server register graph service into RMI registery
Jun 11, 2021 9:36:49 AM rmi.server.AppLogger logInfo
INFO: New batch request
Jun 11, 2021 9:36:49 AM rmi.server.AppLogger logInfo
INFO: Remove edge from the graph: 1 2
Jun 11, 2021 9:36:49 AM rmi.server.AppLogger logInfo
INFO: Query: shortest path distance between: 1 and 2 is 3
Jun 11, 2021 9:36:49 AM rmi.server.AppLogger logInfo
INFO: Query: shortest path distance between: 1 and 6 is 4
Jun 11, 2021 9:36:49 AM rmi.server.AppLogger logInfo
INFO: Add new edge to the graph: 1 6
Jun 11, 2021 9:36:49 AM rmi.server.AppLogger logInfo
INFO: Query: shortest path distance between: 1 and 6 is 1
Jun 11, 2021 9:36:49 AM rmi.server.AppLogger logInfo
INFO: Query: There is no path between 2 and 1
Jun 11, 2021 9:36:49 AM rmi.server.AppLogger logInfo
INFO: Query: There is no path between 1 and 7
Jun 11, 2021 9:36:49 AM rmi.server.AppLogger logInfo
INFO: End batch request
